0 info it worked if it ends with ok
1 verbose cli [ 'D:\\espace\\mvc\\node\\node.exe',
1 verbose cli   'D:\\espace\\mvc\\node\\node_modules\\npm\\bin\\npm-cli.js',
1 verbose cli   'run',
1 verbose cli   'package' ]
2 info using npm@3.10.9
3 info using node@v6.9.1
4 verbose run-script [ 'prepackage', 'package', 'postpackage' ]
5 info lifecycle spring-mvc@1.0.0~prepackage: spring-mvc@1.0.0
6 silly lifecycle spring-mvc@1.0.0~prepackage: no script for prepackage, continuing
7 info lifecycle spring-mvc@1.0.0~package: spring-mvc@1.0.0
8 verbose lifecycle spring-mvc@1.0.0~package: unsafe-perm in lifecycle true
9 verbose lifecycle spring-mvc@1.0.0~package: PATH: D:\espace\mvc\node\node_modules\npm\bin\node-gyp-bin;D:\espace\mvc\node_modules\.bin;D:\espace\mvc\node;D:/installed/jre/bin/server;D:/installed/jre/bin;D:/installed/jre/lib/amd64;C:\ProgramData\Oracle\Java\javapath;D:\installed\java\bin;D:\installed\java\jre\bin;C:\Program Files (x86)\Intel\iCLS Client\;C:\Program Files\Intel\iCLS Client\;C:\windows\system32;C:\windows;C:\windows\System32\Wbem;C:\windows\System32\WindowsPowerShell\v1.0\;C:\Program Files (x86)\Intel\Intel(R) Management Engine Components\DAL;C:\Program Files\Intel\Intel(R) Management Engine Components\DAL;C:\Program Files (x86)\Intel\Intel(R) Management Engine Components\IPT;C:\Program Files\Intel\Intel(R) Management Engine Components\IPT;C:\Program Files (x86)\NVIDIA Corporation\PhysX\Common;c:\Program Files\Intel\WiFi\bin\;c:\Program Files\Common Files\Intel\WirelessCommon\;C:\WINDOWS\system32;C:\WINDOWS;C:\WINDOWS\System32\Wbem;C:\WINDOWS\System32\WindowsPowerShell\v1.0\;C:\Program Files\Git\cmd;D:\tools\apache-maven-3.5.2\bin;C:\Users\lzx-zhaocs-pc\.app\;%USERPROFILE%\AppData\Local\Microsoft\WindowsApps;;D:\installed\jee-oxygen\eclipse;;
10 verbose lifecycle spring-mvc@1.0.0~package: CWD: D:\espace\mvc
11 silly lifecycle spring-mvc@1.0.0~package: Args: [ '/d /s /c',
11 silly lifecycle   'node src/main/webapp/static/r.js -o src/main/webapp/static/app.build.js' ]
12 silly lifecycle spring-mvc@1.0.0~package: Returned: code: 1  signal: null
13 info lifecycle spring-mvc@1.0.0~package: Failed to exec package script
14 verbose stack Error: spring-mvc@1.0.0 package: `node src/main/webapp/static/r.js -o src/main/webapp/static/app.build.js`
14 verbose stack Exit status 1
14 verbose stack     at EventEmitter.<anonymous> (D:\espace\mvc\node\node_modules\npm\lib\utils\lifecycle.js:255:16)
14 verbose stack     at emitTwo (events.js:106:13)
14 verbose stack     at EventEmitter.emit (events.js:191:7)
14 verbose stack     at ChildProcess.<anonymous> (D:\espace\mvc\node\node_modules\npm\lib\utils\spawn.js:40:14)
14 verbose stack     at emitTwo (events.js:106:13)
14 verbose stack     at ChildProcess.emit (events.js:191:7)
14 verbose stack     at maybeClose (internal/child_process.js:877:16)
14 verbose stack     at Process.ChildProcess._handle.onexit (internal/child_process.js:226:5)
15 verbose pkgid spring-mvc@1.0.0
16 verbose cwd D:\espace\mvc
17 error Windows_NT 10.0.14393
18 error argv "D:\\espace\\mvc\\node\\node.exe" "D:\\espace\\mvc\\node\\node_modules\\npm\\bin\\npm-cli.js" "run" "package"
19 error node v6.9.1
20 error npm  v3.10.9
21 error code ELIFECYCLE
22 error spring-mvc@1.0.0 package: `node src/main/webapp/static/r.js -o src/main/webapp/static/app.build.js`
22 error Exit status 1
23 error Failed at the spring-mvc@1.0.0 package script 'node src/main/webapp/static/r.js -o src/main/webapp/static/app.build.js'.
23 error Make sure you have the latest version of node.js and npm installed.
23 error If you do, this is most likely a problem with the spring-mvc package,
23 error not with npm itself.
23 error Tell the author that this fails on your system:
23 error     node src/main/webapp/static/r.js -o src/main/webapp/static/app.build.js
23 error You can get information on how to open an issue for this project with:
23 error     npm bugs spring-mvc
23 error Or if that isn't available, you can get their info via:
23 error     npm owner ls spring-mvc
23 error There is likely additional logging output above.
24 verbose exit [ 1, true ]
